hp-check[28189]: info: :
hp-check[28189]: info: :[01mHP Linux Imaging and Printing System (ver. 3.19.12)[0m
hp-check[28189]: info: :[01mDependency/Version Check Utility ver. 15.1[0m
hp-check[28189]: info: :
hp-check[28189]: info: :Copyright (c) 2001-18 HP Development Company, LP
hp-check[28189]: info: :This software comes with ABSOLUTELY NO WARRANTY.
hp-check[28189]: info: :This is free software, and you are welcome to distribute it
hp-check[28189]: info: :under certain conditions. See COPYING file for more details.
hp-check[28189]: info: :
hp-check[28189]: info: :[01mNote: hp-check can be run in three modes:[0m
hp-check[28189]: info: :1. Compile-time check mode (-c or --compile): Use this mode before compiling the HPLIP supplied tarball (.tar.gz or .run) to determine if the proper           
hp-check[28189]: info: :dependencies are installed to successfully compile HPLIP.                                                                                                      
hp-check[28189]: info: :2. Run-time check mode (-r or --run): Use this mode to determine if a distro supplied package (.deb, .rpm, etc) or an already built HPLIP supplied tarball has 
hp-check[28189]: info: :the proper dependencies installed to successfully run.                                                                                                         
hp-check[28189]: info: :3. Both compile- and run-time check mode (-b or --both) (Default): This mode will check both of the above cases (both compile- and run-time dependencies).     
hp-check[28189]: info: :
hp-check[28189]: info: :Check types:                                                                                                                                                   
hp-check[28189]: info: :a. EXTERNALDEP - External Dependencies                                                                                                                         
hp-check[28189]: info: :b. GENERALDEP - General Dependencies (required both at compile and run time)                                                                                   
hp-check[28189]: info: :c. COMPILEDEP - Compile time Dependencies                                                                                                                      
hp-check[28189]: info: :d. [All are run-time checks]                                                                                                                                   
hp-check[28189]: info: :PYEXT SCANCONF QUEUES PERMISSION                                                                                                                               
hp-check[28189]: info: :
hp-check[28189]: info: :Status Types:
hp-check[28189]: info: :    OK
hp-check[28189]: info: :    MISSING       - Missing Dependency or Permission or Plug-in
hp-check[28189]: info: :    INCOMPAT      - Incompatible dependency-version or Plugin-version
hp-check[28189]: info: :
hp-check[28189]: info: :
hp-check[28189]: info: :---------------
hp-check[28189]: info: :| SYSTEM INFO |
hp-check[28189]: info: :---------------
hp-check[28189]: info: :
hp-check[28189]: info: : Kernel: 5.3.0-28-generic #30~18.04.1-Ubuntu SMP Fri Jan 17 06:14:09 UTC 2020 GNU/Linux
 Host: haxpor
 Proc: 5.3.0-28-generic #30~18.04.1-Ubuntu SMP Fri Jan 17 06:14:09 UTC 2020 GNU/Linux
 Distribution: 12 18.04
hp-check[28189]: info: : Bitness: 64 bit

hp-check[28189]: info: :
hp-check[28189]: info: :-----------------------
hp-check[28189]: info: :| HPLIP CONFIGURATION |
hp-check[28189]: info: :-----------------------
hp-check[28189]: info: :
hp-check[28189]: info: :HPLIP-Version: HPLIP 3.19.12
hp-check[28189]: info: :HPLIP-Home: /usr/share/hplip
hp-check[28189]: info: :HPLIP-Installation: Auto installation is supported for ubuntu distro  18.04 version 
hp-check[28189]: info: :
hp-check[28189]: info: :[01mCurrent contents of '/etc/hp/hplip.conf' file:[0m
hp-check[28189]: info: :# hplip.conf.  Generated from hplip.conf.in by configure.

[hplip]
version=3.19.12

[dirs]
home=/usr/share/hplip
run=/var/run
ppd=/usr/share/ppd/HP
ppdbase=/usr/share/ppd
doc=/usr/share/doc/hplip-3.19.12
html=/usr/share/doc/hplip-3.19.12
icon=/usr/share/applications
cupsbackend=/usr/lib/cups/backend
cupsfilter=/usr/lib/cups/filter
drv=/usr/share/cups/drv/hp
bin=/usr/bin
apparmor=/etc/apparmor.d
# Following values are determined at configure time and cannot be changed.
[configure]
network-build=yes
libusb01-build=no
pp-build=no
gui-build=yes
scanner-build=yes
fax-build=yes
dbus-build=yes
cups11-build=no
doc-build=yes
shadow-build=no
hpijs-install=no
foomatic-drv-install=no
foomatic-ppd-install=no
foomatic-rip-hplip-install=no
hpcups-install=yes
cups-drv-install=yes
cups-ppd-install=no
internal-tag=3.19.12
restricted-build=no
ui-toolkit=qt4
qt3=no
qt4=yes
qt5=no
policy-kit=no
lite-build=no
udev_sysfs_rules=no
hpcups-only-build=no
hpijs-only-build=no
apparmor_build=yes
class-driver=no

hp-check[28189]: info: :
hp-check[28189]: info: :[01mCurrent contents of '/var/lib/hp/hplip.state' file:[0m
hp-check[28189]: info: :Plugins are not installed. Could not access file: No such file or directory
hp-check[28189]: info: :
hp-check[28189]: info: :[01mCurrent contents of '~/.hplip/hplip.conf' file:[0m
hp-check[28189]: info: :[upgrade]
notify_upgrade = true
last_upgraded_time = 1580765644
pending_upgrade_time = 0

[installation]
date_time = 02/12/20 17:21:57
version = 3.19.12


hp-check[28189]: info: : <Package-name>        <Package-Desc>      <Required/Optional> <Min-Version> <Installed-Version> <Status>   <Comment>
hp-check[28189]: info: :
hp-check[28189]: info: :-------------------------
hp-check[28189]: info: :| External Dependencies |
hp-check[28189]: info: :-------------------------
hp-check[28189]: info: :
hp-check[28189]: info: : cups                 CUPS - Common Unix Printing System                           REQUIRED        1.1             2.2.7           OK         'CUPS Scheduler is running'
hp-check[28189]: info: : gs                   GhostScript - PostScript and PDF language interpreter and previewer REQUIRED        7.05            9.26            OK         -
hp-check[28189]: info: : xsane                xsane - Graphical scanner frontend for SANE                  OPTIONAL        0.9             0.999           OK         -
hp-check[28189]: info: : scanimage            scanimage - Shell scanning program                           OPTIONAL        1.0             1.0.27          OK         -
hp-check[28189]: info: : dbus                 DBus - Message bus system                                    REQUIRED        -               1.12.2          OK         -
hp-check[28189]: info: : policykit            PolicyKit - Administrative policy framework                  OPTIONAL        -               0.105           OK         -
hp-check[28189]: info: : network              network -wget                                                OPTIONAL        -               1.19.4          OK         -
hp-check[28189]: info: : avahi-utils          avahi-utils                                                  OPTIONAL        -               0.7             OK         -
hp-check[28189]: info: :
hp-check[28189]: info: :------------------------
hp-check[28189]: info: :| General Dependencies |
hp-check[28189]: info: :------------------------
hp-check[28189]: info: :
hp-check[28189]: info: : libjpeg              libjpeg - JPEG library                                       REQUIRED        -               -               OK         -
hp-check[28189]: info: : cups-devel           CUPS devel- Common Unix Printing System development files    REQUIRED        -               2.2.7           OK         -
hp-check[28189]: info: : cups-image           CUPS image - CUPS image development files                    REQUIRED        -               2.2.7           OK         -
hp-check[28189]: info: : libpthread           libpthread - POSIX threads library                           REQUIRED        -               b'2.27'         OK         -
hp-check[28189]: info: : libusb               libusb - USB library                                         REQUIRED        -               1.0             OK         -
hp-check[28189]: info: : sane                 SANE - Scanning library                                      REQUIRED        -               -               OK         -
hp-check[28189]: info: : sane-devel           SANE - Scanning library development files                    REQUIRED        -               -               OK         -
hp-check[28189]: info: : libnetsnmp-devel     libnetsnmp-devel - SNMP networking library development files REQUIRED        5.0.9           5.7.3           OK         -
hp-check[28189]: info: : libcrypto            libcrypto - OpenSSL cryptographic library                    REQUIRED        -               1.1.1           OK         -
hp-check[28189]: info: : python3X             Python 2.2 or greater - Python programming language          REQUIRED        2.2             3.6.9           OK         -
hp-check[28189]: info: : python3-notify2      Python libnotify - Python bindings for the libnotify Desktop notifications OPTIONAL        -               -               OK         -
hp-check[28189]: info: : python3-pyqt4-dbus   PyQt 4 DBus - DBus Support for PyQt4                         OPTIONAL        4.0             4.12.1          OK         -
hp-check[28189]: info: : python3-pyqt4        PyQt 4- Qt interface for Python (for Qt version 4.x)         REQUIRED        4.0             4.12.1          OK         -
hp-check[28189]: info: : python3-dbus         Python DBus - Python bindings for DBus                       REQUIRED        0.80.0          1.2.6           OK         -
hp-check[28189]: info: : python3-xml          Python XML libraries                                         REQUIRED        -               2.2.5           OK         -
hp-check[28189]: info: : python3-devel        Python devel - Python development files                      REQUIRED        2.2             3.6.9           OK         -
